
> soundmind-design-system@1.0.2 build-storybook
> storybook build --output-dir=/var/folders/th/myf7vmdn5511rwsqwqsxq1vc0000gn/T/chromatic--64259-II2GN35bhLKX


[90m┌[39m  Building storybook v10.1.10
[90m│[39m
[32m◇[39m  Cleaning outputDir:
[90m│[39m  [36m../../../../var/folders/th/myf7vmdn5511rwsqwqsxq1vc0000gn/T/chromatic--64259-II2GN35bhLKX[39m
[90m│[39m
[32m◇[39m  Loading presets
[90m│[39m
[32m◇[39m  Building manager..
[90m│[39m
[34m●[39m  Building preview..
[90m│[39m  [43mVite[49m [36mvite v7.3.0 [32mbuilding client environment for production...[36m[39m
[90m│[39m  [43mVite[49m transforming...
[90m│[39m  [43mVite[49m [32m✓[39m 1879 modules transformed.
[90m│[39m  [43mVite[49m rendering chunks...
[90m│[39m  [43mVite[49m computing gzip size...
[90m│[39m  [43mVite[49m
[90m│[39m  [2m../../../../var/folders/th/myf7vmdn5511rwsqwqsxq1vc0000gn/T/chromatic--64259-II2GN35bhLKX/[22m[2massets/[22m[32mcontext-C0qIqeS4.png[39m[1m[2m[22m
[90m│[39m  [2m6.12 kB[22m[1m[22m
[90m│[39m  [43mVite[49m
[90m│[39m  [2m../../../../var/folders/th/myf7vmdn5511rwsqwqsxq1vc0000gn/T/chromatic--64259-II2GN35bhLKX/[22m[2massets/[22m[32mstyling-Bk6zjRzU.png[39m[1m[2m[22m
[90m│[39m  [2m7.24 kB[22m[1m[22m
[90m│[39m  [43mVite[49m
[90m│[39m  [2m../../../../var/folders/th/myf7vmdn5511rwsqwqsxq1vc0000gn/T/chromatic--64259-II2GN35bhLKX/[22m[32miframe.html[39m[1m[2m[22m
[90m│[39m  [2m18.16 kB[22m[1m[22m[2m │ gzip:   5.10 kB[22m
[90m│[39m  [43mVite[49m
[90m│[39m  [2m../../../../var/folders/th/myf7vmdn5511rwsqwqsxq1vc0000gn/T/chromatic--64259-II2GN35bhLKX/[22m[2massets/[22m[32mdocs---vsFbMi.png[39m[1m[2m[22m
[90m│[39m  [2m27.88 kB[22m[1m[22m
[90m│[39m  [43mVite[49m
[90m│[39m  [2m../../../../var/folders/th/myf7vmdn5511rwsqwqsxq1vc0000gn/T/chromatic--64259-II2GN35bhLKX/[22m[2massets/[22m[32mshare-DGA-UcQf.png[39m[1m[2m[22m
[90m│[39m  [2m40.77 kB[22m[1m[22m
[90m│[39m  [43mVite[49m
[90m│[39m  [2m../../../../var/folders/th/myf7vmdn5511rwsqwqsxq1vc0000gn/T/chromatic--64259-II2GN35bhLKX/[22m[2massets/[22m[32maccessibility-W_h2acOZ.png[39m[1m[2m[22m
[90m│[39m  [2m42.34 kB[22m[1m[22m
[90m│[39m  [43mVite[49m
[90m│[39m  [2m../../../../var/folders/th/myf7vmdn5511rwsqwqsxq1vc0000gn/T/chromatic--64259-II2GN35bhLKX/[22m[2massets/[22m[32mfigma-plugin-CH2hELiO.png[39m[1m[2m[22m
[90m│[39m  [2m44.25 kB[22m[1m[22m
[90m│[39m  [43mVite[49m
[90m│[39m  [2m../../../../var/folders/th/myf7vmdn5511rwsqwqsxq1vc0000gn/T/chromatic--64259-II2GN35bhLKX/[22m[2massets/[22m[32mtheming-D6WJLNoW.png[39m[1m[2m[22m
[90m│[39m  [2m44.37 kB[22m[1m[22m
[90m│[39m  [43mVite[49m
[90m│[39m  [2m../../../../var/folders/th/myf7vmdn5511rwsqwqsxq1vc0000gn/T/chromatic--64259-II2GN35bhLKX/[22m[2massets/[22m[32mtesting-cbzR9l9r.png[39m[1m[2m[22m
[90m│[39m  [2m49.31 kB[22m[1m[22m
[90m│[39m  [43mVite[49m
[90m│[39m  [2m../../../../var/folders/th/myf7vmdn5511rwsqwqsxq1vc0000gn/T/chromatic--64259-II2GN35bhLKX/[22m[2massets/[22m[32maddon-library-BWUCAmyN.png[39m[1m[2m[22m
[90m│[39m  [2m467.37 kB[22m[1m[22m
[90m│[39m  [43mVite[49m
[90m│[39m  [2m../../../../var/folders/th/myf7vmdn5511rwsqwqsxq1vc0000gn/T/chromatic--64259-II2GN35bhLKX/[22m[2massets/[22m[35miframe-BY739Vvd.css[39m[1m[2m[22m
[90m│[39m  [2m15.03 kB[22m[1m[22m[2m │ gzip:   3.58 kB[22m
[90m│[39m  [43mVite[49m
[90m│[39m  [2m../../../../var/folders/th/myf7vmdn5511rwsqwqsxq1vc0000gn/T/chromatic--64259-II2GN35bhLKX/[22m[2massets/[22m[36mformatter-QJ4M4OGQ-CONK1ISa.js[39m[1m[2m[22m
[90m│[39m  [2m0.24 kB[22m[1m[22m[2m │ gzip:   0.20 kB[22m
[90m│[39m  [43mVite[49m
[90m│[39m  [2m../../../../var/folders/th/myf7vmdn5511rwsqwqsxq1vc0000gn/T/chromatic--64259-II2GN35bhLKX/[22m[2massets/[22m[36mindex-Be_AhPrr.js[39m[1m[2m[22m
[90m│[39m  [2m0.46 kB[22m[1m[22m[2m │ gzip:   0.30 kB[22m
[90m│[39m  [43mVite[49m
[90m│[39m  [2m../../../../var/folders/th/myf7vmdn5511rwsqwqsxq1vc0000gn/T/chromatic--64259-II2GN35bhLKX/[22m[2massets/[22m[36mpreload-helper-PPVm8Dsz.js[39m[1m[2m[22m
[90m│[39m  [2m1.23 kB[22m[1m[22m[2m │ gzip:   0.71 kB[22m
[90m│[39m  [43mVite[49m
[90m│[39m  [2m../../../../var/folders/th/myf7vmdn5511rwsqwqsxq1vc0000gn/T/chromatic--64259-II2GN35bhLKX/[22m[2massets/[22m[36mDocsRenderer-GHJI37HO-REbsAK3L.js[39m[1m[2m[22m
[90m│[39m  [2m1.28 kB[22m[1m[22m[2m │ gzip:   0.68 kB[22m
[90m│[39m  [43mVite[49m
[90m│[39m  [2m../../../../var/folders/th/myf7vmdn5511rwsqwqsxq1vc0000gn/T/chromatic--64259-II2GN35bhLKX/[22m[2massets/[22m[36mButton.stories-Cg_shMXr.js[39m[1m[2m[22m
[90m│[39m  [2m1.87 kB[22m[1m[22m[2m │ gzip:   0.82 kB[22m
[90m│[39m  [43mVite[49m
[90m│[39m  [2m../../../../var/folders/th/myf7vmdn5511rwsqwqsxq1vc0000gn/T/chromatic--64259-II2GN35bhLKX/[22m[2massets/[22m[36mInput.stories-Dcv-YNef.js[39m[1m[2m[22m
[90m│[39m  [2m2.98 kB[22m[1m[22m[2m │ gzip:   1.16 kB[22m
[90m│[39m  [43mVite[49m
[90m│[39m  [2m../../../../var/folders/th/myf7vmdn5511rwsqwqsxq1vc0000gn/T/chromatic--64259-II2GN35bhLKX/[22m[2massets/[22m[36mindex-BCMTd82K.js[39m[1m[2m[22m
[90m│[39m  [2m3.66 kB[22m[1m[22m[2m │ gzip:   1.38 kB[22m
[90m│[39m  [43mVite[49m
[90m│[39m  [2m../../../../var/folders/th/myf7vmdn5511rwsqwqsxq1vc0000gn/T/chromatic--64259-II2GN35bhLKX/[22m[2massets/[22m[36mIcon.stories-Cxrq5aAd.js[39m[1m[2m[22m
[90m│[39m  [2m5.33 kB[22m[1m[22m[2m │ gzip:   1.84 kB[22m
[90m│[39m  [43mVite[49m
[90m│[39m  [2m../../../../var/folders/th/myf7vmdn5511rwsqwqsxq1vc0000gn/T/chromatic--64259-II2GN35bhLKX/[22m[2massets/[22m[36mText.stories-DebdNcxS.js[39m[1m[2m[22m
[90m│[39m  [2m8.44 kB[22m[1m[22m[2m │ gzip:   2.25 kB[22m
[90m│[39m  [43mVite[49m
[90m│[39m  [2m../../../../var/folders/th/myf7vmdn5511rwsqwqsxq1vc0000gn/T/chromatic--64259-II2GN35bhLKX/[22m[2massets/[22m[36mCard.stories-BvP0Dzzm.js[39m[1m[2m[22m
[90m│[39m  [2m9.16 kB[22m[1m[22m[2m │ gzip:   2.18 kB[22m
[90m│[39m  [43mVite[49m
[90m│[39m  [2m../../../../var/folders/th/myf7vmdn5511rwsqwqsxq1vc0000gn/T/chromatic--64259-II2GN35bhLKX/[22m[2massets/[22m[36mConfigure-BmJ6ptW3.js[39m[1m[2m[22m
[90m│[39m  [2m25.61 kB[22m[1m[22m[2m │ gzip:  10.96 kB[22m
[90m│[39m  [43mVite[49m
[90m│[39m  [2m../../../../var/folders/th/myf7vmdn5511rwsqwqsxq1vc0000gn/T/chromatic--64259-II2GN35bhLKX/[22m[36mvite-inject-mocker-entry.js[39m[1m[2m[22m
[90m│[39m  [2m28.30 kB[22m[1m[22m[2m │ gzip:   9.84 kB[22m
[90m│[39m  [43mVite[49m
[90m│[39m  [2m../../../../var/folders/th/myf7vmdn5511rwsqwqsxq1vc0000gn/T/chromatic--64259-II2GN35bhLKX/[22m[2massets/[22m[36mmatchers-DMFSMG2O-HJu_DfWo.js[39m[1m[2m[22m
[90m│[39m  [2m29.23 kB[22m[1m[22m[2m │ gzip:  10.06 kB[22m
[90m│[39m  [43mVite[49m
[90m│[39m  [2m../../../../var/folders/th/myf7vmdn5511rwsqwqsxq1vc0000gn/T/chromatic--64259-II2GN35bhLKX/[22m[2massets/[22m[36mColor-ASIRERSW-DWvT-j15.js[39m[1m[2m[22m
[90m│[39m  [2m29.91 kB[22m[1m[22m[2m │ gzip:  11.34 kB[22m
[90m│[39m  [43mVite[49m
[90m│[39m  [2m../../../../var/folders/th/myf7vmdn5511rwsqwqsxq1vc0000gn/T/chromatic--64259-II2GN35bhLKX/[22m[2massets/[22m[36mWithTooltip-IO6J4KBT-DE0Udlx5.js[39m[1m[2m[22m
[90m│[39m  [2m33.05 kB[22m[1m[22m[2m │ gzip:  11.63 kB[22m
[90m│[39m  [43mVite[49m
[90m│[39m  [2m../../../../var/folders/th/myf7vmdn5511rwsqwqsxq1vc0000gn/T/chromatic--64259-II2GN35bhLKX/[22m[2massets/[22m[36msyntaxhighlighter-IQDEPFLK-CaeJ99KY.js[39m[1m[2m[22m
[90m│[39m  [2m77.90 kB[22m[1m[22m[2m │ gzip:  27.31 kB[22m
[90m│[39m  [43mVite[49m
[90m│[39m  [2m../../../../var/folders/th/myf7vmdn5511rwsqwqsxq1vc0000gn/T/chromatic--64259-II2GN35bhLKX/[22m[2massets/[22m[36mreact-18-BDAVVfR3.js[39m[1m[2m[22m
[90m│[39m  [2m181.13 kB[22m[1m[22m[2m │ gzip:  57.03 kB[22m
[90m│[39m  [43mVite[49m
[90m│[39m  [2m../../../../var/folders/th/myf7vmdn5511rwsqwqsxq1vc0000gn/T/chromatic--64259-II2GN35bhLKX/[22m[2massets/[22m[36maxe-CgZlx8ww.js[39m[1m[33m[39m
[90m│[39m  [33m578.27 kB[39m[22m[2m │ gzip: 159.21 kB[22m
[90m│[39m  [43mVite[49m
[90m│[39m  [2m../../../../var/folders/th/myf7vmdn5511rwsqwqsxq1vc0000gn/T/chromatic--64259-II2GN35bhLKX/[22m[2massets/[22m[36mblocks-i4BE2u3b.js[39m[1m[33m[39m
[90m│[39m  [33m801.83 kB[39m[22m[2m │ gzip: 256.53 kB[22m
[90m│[39m  [43mVite[49m
[90m│[39m  [2m../../../../var/folders/th/myf7vmdn5511rwsqwqsxq1vc0000gn/T/chromatic--64259-II2GN35bhLKX/[22m[2massets/[22m[36miframe-CrqeuHAz.js[39m
[90m│[39m  [36m[39m[1m[33m1,124.43 kB[39m[22m[2m │ gzip: 321.63 kB[22m
[90m│[39m
[33m▲[39m  [43mVite[49m[33m
[90m│[39m  (!) Some chunks are larger than 500 kB after minification. Consider:
[90m│[39m  - Using dynamic import() to code-split the application
[90m│[39m  - Use build.rollupOptions.output.manualChunks to improve chunking:
[90m│[39m  ]8;;https://rollupjs.org/configuration-options/#output-manualchunkshttps://rollupjs.org/configuration-options/#output-manualchunks]8;;
[90m│[39m  - Adjust chunk size limit for this warning via
[90m│[39m  build.chunkSizeWarningLimit.[39m
[90m│[39m  [43mVite[49m [32m✓ built in 3.48s[39m
[90m│[39m
[32m◇[39m  Output directory:
[90m│[39m  /var/folders/th/myf7vmdn5511rwsqwqsxq1vc0000gn/T/chromatic--64259-II2GN35bhLKX
[90m│[39m
[90m└[39m  Storybook build completed successfully

